[2024-07-26 14:32:36] User ID: 26, Current Balance: 210200.00, Total Pay: 1800
[2024-07-26 14:32:36] Booking successful. Order ID: ORD269164235, Booking ID: 30
[2024-07-26 14:32:58] User ID: 26, Current Balance: 208400.00, Total Pay: 231200
[2024-07-26 14:32:58] Insufficient balance. User ID: 26, Required: 231200, Available: 208400.00
[2024-07-26 14:33:14] User ID: 26, Current Balance: 208400.00, Total Pay: 245000
[2024-07-26 14:33:14] Insufficient balance. User ID: 26, Required: 245000, Available: 208400.00
[2024-07-26 14:35:15] User ID: 26, Current Balance: 20000.00, Total Pay: 259200
[2024-07-26 14:35:15] Insufficient balance. User ID: 26, Required: 259200, Available: 20000.00
[2024-07-26 14:36:33] User ID: 26, Current Balance: 220000.00, Total Pay: 200
[2024-07-26 14:36:33] Booking successful. Order ID: ORD266190797, Booking ID: 31
[2024-07-26 14:36:50] User ID: 26, Current Balance: 219800.00, Total Pay: 1800
[2024-07-26 14:36:50] Booking successful. Order ID: ORD269388664, Booking ID: 32
[2024-07-26 14:37:06] User ID: 26, Current Balance: 218000.00, Total Pay: 1849000
[2024-07-26 14:37:06] Insufficient balance. User ID: 26, Required: 1849000, Available: 218000.00
[2024-07-26 14:37:46] User ID: 26, Current Balance: 218000.00, Total Pay: 352800
[2024-07-26 14:37:46] Insufficient balance. User ID: 26, Required: 352800, Available: 218000.00
[2024-07-26 14:38:26] User ID: 26, Current Balance: 218000.00, Total Pay: 352800
[2024-07-26 14:38:26] Insufficient balance. User ID: 26, Required: 352800, Available: 218000.00
[2024-07-26 14:38:56] User ID: 26, Current Balance: 718000.00, Total Pay: 980000
[2024-07-26 14:38:56] Insufficient balance. User ID: 26, Required: 980000, Available: 718000.00
[2024-07-26 14:40:52] User ID: 26, Current Balance: 718000.00, Total Pay: 980000
[2024-07-26 14:40:52] Insufficient balance. User ID: 26, Required: 980000, Available: 718000.00
[2024-07-26 14:41:05] User ID: 26, Current Balance: 718000.00, Total Pay: 9800
[2024-07-26 14:41:05] Booking successful. Order ID: ORD262184026, Booking ID: 33
[2024-07-26 14:41:14] User ID: 26, Current Balance: 708200.00, Total Pay: 9800
[2024-07-26 14:41:14] Booking successful. Order ID: ORD267400475, Booking ID: 34
[2024-07-26 14:41:28] User ID: 26, Current Balance: 698400.00, Total Pay: 980000
[2024-07-26 14:41:28] Insufficient balance. User ID: 26, Required: 980000, Available: 698400.00
[2024-07-26 14:41:45] User ID: 26, Current Balance: 698400.00, Total Pay: 2205875
[2024-07-26 14:41:45] Insufficient balance. User ID: 26, Required: 2205875, Available: 698400.00
[2024-07-26 14:44:06] User ID: 26, Current Balance: 698400.00, Total Pay: 200
[2024-07-26 14:44:06] Booking successful. Order ID: ORD264435332, Booking ID: 35
[2024-07-26 14:48:40] User ID: 26, Current Balance: 698200.00, Total Pay: 12800
[2024-07-26 14:48:40] Booking successful. Order ID: ORD264554959, Booking ID: 36
[2024-07-26 14:48:51] User ID: 26, Current Balance: 685400.00, Total Pay: 980000
[2024-07-26 14:48:51] Insufficient balance. User ID: 26, Required: 980000, Available: 685400.00
[2024-07-26 14:49:23] User ID: 26, Current Balance: 685400.00, Total Pay: 980000
[2024-07-26 14:49:23] Insufficient balance. User ID: 26, Required: 980000, Available: 685400.00
[2024-07-26 14:49:34] User ID: 26, Current Balance: 685400.00, Total Pay: 200
[2024-07-26 14:49:34] Booking successful. Order ID: ORD26519022, Booking ID: 37
[2024-07-26 14:49:40] User ID: 26, Current Balance: 685200.00, Total Pay: 3200
[2024-07-26 14:49:40] Booking successful. Order ID: ORD262635402, Booking ID: 38
[2024-07-26 14:49:46] User ID: 26, Current Balance: 682000.00, Total Pay: 5000
[2024-07-26 14:49:46] Booking successful. Order ID: ORD267763070, Booking ID: 39
[2024-07-26 14:49:51] User ID: 26, Current Balance: 677000.00, Total Pay: 9800
[2024-07-26 14:49:51] Booking successful. Order ID: ORD262097940, Booking ID: 40
[2024-07-26 14:49:56] User ID: 26, Current Balance: 667200.00, Total Pay: 20000
[2024-07-26 14:49:56] Booking successful. Order ID: ORD26976531, Booking ID: 41
[2024-07-26 14:50:00] User ID: 26, Current Balance: 647200.00, Total Pay: 39200
[2024-07-26 14:50:00] Booking successful. Order ID: ORD264219556, Booking ID: 42
[2024-07-26 14:50:04] User ID: 26, Current Balance: 608000.00, Total Pay: 45000
[2024-07-26 14:50:04] Booking successful. Order ID: ORD263651428, Booking ID: 43
[2024-07-26 14:50:10] User ID: 26, Current Balance: 563000.00, Total Pay: 192200
[2024-07-26 14:50:10] Booking successful. Order ID: ORD267540685, Booking ID: 44
[2024-07-26 14:50:14] User ID: 26, Current Balance: 370800.00, Total Pay: 231200
[2024-07-26 14:50:14] Booking successful. Order ID: ORD268158074, Booking ID: 45
[2024-07-26 14:50:17] User ID: 26, Current Balance: 139600.00, Total Pay: 259200
[2024-07-26 14:50:17] Insufficient balance. User ID: 26, Required: 259200, Available: 139600.00
[2024-07-26 14:50:22] User ID: 26, Current Balance: 139600.00, Total Pay: 7200
[2024-07-26 14:50:22] Booking successful. Order ID: ORD262441159, Booking ID: 46
[2024-07-26 14:50:29] User ID: 26, Current Balance: 132400.00, Total Pay: 336200
[2024-07-26 14:50:29] Insufficient balance. User ID: 26, Required: 336200, Available: 132400.00
[2024-07-26 14:51:17] User ID: 26, Current Balance: 0.00, Total Pay: 200
[2024-07-26 14:51:17] Insufficient balance. User ID: 26, Required: 200, Available: 0.00
[2024-07-26 14:51:37] User ID: 26, Current Balance: 300.00, Total Pay: 16200
[2024-07-26 14:51:37] Insufficient balance. User ID: 26, Required: 16200, Available: 300.00
[2024-07-26 14:51:58] User ID: 26, Current Balance: 300.00, Total Pay: 200
[2024-07-26 14:51:58] Booking successful. Order ID: ORD261807970, Booking ID: 47
[2024-07-28 06:59:03] User ID: 26, Current Balance: 100.00, Total Pay: 200
[2024-07-28 06:59:03] Insufficient balance. User ID: 26, Required: 200, Available: 100.00
[2024-07-28 07:41:48] User ID: 26, Current Balance: 2100.00, Total Pay: 200
[2024-07-28 07:41:48] Booking successful. Order ID: ORD261562780, Booking ID: 48
[2024-07-28 07:44:13] User ID: 26, Current Balance: 1900.00, Total Pay: 800
[2024-07-28 07:44:13] Booking successful. Order ID: ORD265197420, Booking ID: 49
[2024-07-28 07:44:48] User ID: 26, Current Balance: 1100.00, Total Pay: 200
[2024-07-28 07:44:48] Booking successful. Order ID: ORD269973704, Booking ID: 50
[2024-07-28 07:52:03] User ID: 26, Current Balance: 900.00, Total Pay: 200
[2024-07-28 07:52:03] Booking successful. Order ID: ORD263535175, Booking ID: 51
[2024-07-28 07:54:46] User ID: 26, Current Balance: 700.00, Total Pay: 800
[2024-07-28 07:54:46] Insufficient balance. User ID: 26, Required: 800, Available: 700.00
[2024-07-28 07:54:57] User ID: 26, Current Balance: 700.00, Total Pay: 200
[2024-07-28 07:54:57] Booking successful. Order ID: ORD26412298, Booking ID: 52
[2024-07-28 08:41:23] User ID: 26, Current Balance: 500.00, Total Pay: 800
[2024-07-28 08:41:23] Insufficient balance. User ID: 26, Required: 800, Available: 500.00
[2024-07-28 08:41:39] User ID: 26, Current Balance: 2500.00, Total Pay: 200
[2024-07-28 08:41:39] Booking successful. Order ID: ORD266167415, Booking ID: 53
[2024-07-28 09:54:38] User ID: 26, Current Balance: 2300.00, Total Pay: 1800
[2024-07-28 09:54:38] Booking successful. Order ID: ORD261871889, Booking ID: 54
[2024-07-28 09:54:45] User ID: 26, Current Balance: 500.00, Total Pay: 441800
[2024-07-28 09:54:45] Insufficient balance. User ID: 26, Required: 441800, Available: 500.00
[2024-07-28 09:58:31] User ID: 26, Current Balance: 500.00, Total Pay: 0
[2024-07-28 09:58:31] Error during booking process: Failed to update balance
[2024-07-28 09:59:11] User ID: 26, Current Balance: 500.00, Total Pay: 0
[2024-07-28 09:59:11] Error during booking process: Failed to update balance
[2024-07-28 10:00:07] User ID: 26, Current Balance: 500.00, Total Pay: 0
[2024-07-28 10:00:07] Error during booking process: Failed to update balance
[2024-07-28 10:00:27] User ID: 26, Current Balance: 500.00, Total Pay: 200
[2024-07-28 10:00:27] Booking successful. Order ID: ORD269906596, Booking ID: 55
[2024-07-28 10:00:35] User ID: 26, Current Balance: 300.00, Total Pay: 7200
[2024-07-28 10:00:35] Insufficient balance. User ID: 26, Required: 7200, Available: 300.00
[2024-07-28 10:01:19] User ID: 26, Current Balance: 300.00, Total Pay: 24200
[2024-07-28 10:01:19] Insufficient balance. User ID: 26, Required: 24200, Available: 300.00
[2024-07-28 10:01:45] User ID: 26, Current Balance: 300.00, Total Pay: 0
[2024-07-28 10:01:45] Error during booking process: Failed to update balance
[2024-07-28 10:01:57] User ID: 26, Current Balance: 300.00, Total Pay: 0
[2024-07-28 10:01:57] Error during booking process: Failed to update balance
[2024-07-28 10:02:04] User ID: 26, Current Balance: 300.00, Total Pay: 28800
[2024-07-28 10:02:04] Insufficient balance. User ID: 26, Required: 28800, Available: 300.00
[2024-07-28 10:02:19] User ID: 26, Current Balance: 300.00, Total Pay: 304200
[2024-07-28 10:02:19] Insufficient balance. User ID: 26, Required: 304200, Available: 300.00
[2024-07-28 10:03:08] User ID: 26, Current Balance: 300.00, Total Pay: 924800
[2024-07-28 10:03:08] Insufficient balance. User ID: 26, Required: 924800, Available: 300.00
[2024-07-28 10:06:38] User ID: 26, Current Balance: 300.00, Total Pay: 352800
[2024-07-28 10:06:38] Insufficient balance. User ID: 26, Required: 352800, Available: 300.00
[2024-07-28 10:10:49] User ID: 26, Current Balance: 300.00, Total Pay: 20000
[2024-07-28 10:10:49] Insufficient balance. User ID: 26, Required: 20000, Available: 300.00
[2024-07-28 10:13:15] User ID: 26, Current Balance: 300.00, Total Pay: 28800
[2024-07-28 10:13:15] Insufficient balance. User ID: 26, Required: 28800, Available: 300.00
[2024-07-28 10:13:33] User ID: 26, Current Balance: 300.00, Total Pay: 200
[2024-07-28 10:13:33] Booking successful. Order ID: ORD264030554, Booking ID: 58
[2024-07-28 10:14:41] User ID: 26, Current Balance: 100.00, Total Pay: 200
[2024-07-28 10:14:41] Insufficient balance. User ID: 26, Required: 200, Available: 100.00
[2024-07-28 10:14:55] User ID: 26, Current Balance: 2100.00, Total Pay: 800
[2024-07-28 10:14:55] Booking successful. Order ID: ORD263612352, Booking ID: 60
[2024-07-28 10:17:01] User ID: 26, Current Balance: 1300.00, Total Pay: 200
[2024-07-28 10:17:01] Booking successful. Order ID: ORD268379971, Booking ID: 61
[2024-07-28 10:19:47] User ID: 26, Current Balance: 1100.00, Total Pay: 200
[2024-07-28 10:19:47] Booking successful. Order ID: ORD268506413, Booking ID: 62
[2024-07-28 10:19:55] User ID: 26, Current Balance: 900.00, Total Pay: 204800
[2024-07-28 10:19:55] Insufficient balance. User ID: 26, Required: 204800, Available: 900.00
[2024-07-28 10:20:20] User ID: 26, Current Balance: 900.00, Total Pay: 3200
[2024-07-28 10:20:20] Insufficient balance. User ID: 26, Required: 3200, Available: 900.00
[2024-07-28 10:20:59] User ID: 26, Current Balance: 900.00, Total Pay: 28800
[2024-07-28 10:20:59] Insufficient balance. User ID: 26, Required: 28800, Available: 900.00
[2024-07-28 10:21:28] User ID: 26, Current Balance: 900.00, Total Pay: 86400
[2024-07-28 10:21:28] Insufficient balance. User ID: 26, Required: 86400, Available: 900.00
[2024-07-28 10:22:05] User ID: 26, Current Balance: 900.00, Total Pay: 24200
[2024-07-28 10:22:05] Insufficient balance. User ID: 26, Required: 24200, Available: 900.00
[2024-07-28 10:22:47] User ID: 26, Current Balance: 900.00, Total Pay: 14400
[2024-07-28 10:22:47] Insufficient balance. User ID: 26, Required: 14400, Available: 900.00
[2024-07-28 10:23:47] User ID: 26, Current Balance: 900.00, Total Pay: 100
[2024-07-28 10:23:47] Booking successful. Order ID: ORD26844773, Booking ID: 69
[2024-07-28 10:24:32] User ID: 26, Current Balance: 2800.00, Total Pay: 100
[2024-07-28 10:24:32] Booking successful. Order ID: ORD26919559, Booking ID: 70
[2024-07-28 10:26:02] User ID: 26, Current Balance: 2700.00, Total Pay: 200
[2024-07-28 10:26:02] Booking successful. Order ID: ORD266256930, Booking ID: 71
[2024-07-28 10:28:09] User ID: 26, Current Balance: 2500.00, Total Pay: 28800
[2024-07-28 10:28:09] Insufficient balance. User ID: 26, Required: 28800, Available: 2500.00
[2024-07-28 10:30:01] User ID: 26, Current Balance: 2500.00, Total Pay: 20000
[2024-07-28 10:30:01] Insufficient balance. User ID: 26, Required: 20000, Available: 2500.00
[2024-07-28 10:30:51] User ID: 26, Current Balance: 2500.00, Total Pay: 33800
[2024-07-28 10:30:51] Insufficient balance. User ID: 26, Required: 33800, Available: 2500.00
[2024-07-28 10:33:13] User ID: 26, Current Balance: 2500.00, Total Pay: 200
[2024-07-28 10:33:13] Booking successful. Order ID: ORD263817073, Booking ID: 75
[2024-07-28 10:33:18] User ID: 26, Current Balance: 2300.00, Total Pay: 24200
[2024-07-28 10:33:18] Insufficient balance. User ID: 26, Required: 24200, Available: 2300.00
[2024-07-28 10:33:39] User ID: 26, Current Balance: 2300.00, Total Pay: 72200
[2024-07-28 10:33:39] Insufficient balance. User ID: 26, Required: 72200, Available: 2300.00
[2024-07-28 10:34:10] User ID: 26, Current Balance: 2300.00, Total Pay: 200
[2024-07-28 10:34:10] Booking successful. Order ID: ORD26323128, Booking ID: 78
[2024-07-28 10:34:15] User ID: 26, Current Balance: 2100.00, Total Pay: 33800
[2024-07-28 10:34:15] Insufficient balance. User ID: 26, Required: 33800, Available: 2100.00
[2024-07-28 10:36:17] User ID: 26, Current Balance: 2100.00, Total Pay: 9600
[2024-07-28 10:36:17] Insufficient balance. User ID: 26, Required: 9600, Available: 2100.00
[2024-07-28 10:36:28] User ID: 26, Current Balance: 2100.00, Total Pay: 200
[2024-07-28 10:36:28] Booking successful. Order ID: ORD265382559, Booking ID: 81
[2024-07-28 10:37:36] User ID: 26, Current Balance: 1900.00, Total Pay: 28800
[2024-07-28 10:37:36] Insufficient balance. User ID: 26, Required: 28800, Available: 1900.00
[2024-07-28 10:42:47] User ID: 26, Current Balance: 1900.00, Total Pay: 200
[2024-07-28 10:42:47] Booking successful. Order ID: ORD266297509, Booking ID: 83
[2024-07-28 10:42:58] User ID: 26, Current Balance: 1700.00, Total Pay: 1800
[2024-07-28 10:42:58] Insufficient balance. User ID: 26, Required: 1800, Available: 1700.00
[2024-07-28 10:45:14] User ID: 26, Current Balance: 1700.00, Total Pay: 33800
[2024-07-28 10:45:14] Insufficient balance. User ID: 26, Required: 33800, Available: 1700.00
[2024-07-28 10:45:20] User ID: 26, Current Balance: 1700.00, Total Pay: 200
[2024-07-28 10:45:20] Booking successful. Order ID: ORD267130989, Booking ID: 86
[2024-07-28 10:53:56] User ID: 26, Current Balance: 1500.00, Total Pay: 800
[2024-07-28 10:53:56] Booking successful. Order ID: ORD267829082, Booking ID: 87
[2024-07-28 10:54:10] User ID: 26, Current Balance: 700.00, Total Pay: 1800
[2024-07-28 10:54:10] Insufficient balance. User ID: 26, Required: 1800, Available: 700.00
[2024-07-28 10:55:46] User ID: 26, Current Balance: 700.00, Total Pay: 200
[2024-07-28 10:55:46] Booking successful. Order ID: ORD269133401, Booking ID: 89
[2024-07-28 10:56:11] User ID: 26, Current Balance: 500.00, Total Pay: 33800
[2024-07-28 10:56:11] Insufficient balance. User ID: 26, Required: 33800, Available: 500.00
[2024-07-28 10:58:39] User ID: 26, Current Balance: 500.00, Total Pay: 105800
[2024-07-28 10:58:39] Insufficient balance. User ID: 26, Required: 105800, Available: 500.00
[2024-07-28 11:01:45] User ID: 26, Current Balance: 500.00, Total Pay: 200
[2024-07-28 11:01:45] Booking successful. Order ID: ORD266823629, Booking ID: 92
[2024-07-28 11:04:20] User ID: 26, Current Balance: 300.00, Total Pay: 800
[2024-07-28 11:04:20] Insufficient balance. User ID: 26, Required: 800, Available: 300.00
[2024-07-28 11:04:52] User ID: 26, Current Balance: 300.00, Total Pay: 200
[2024-07-28 11:04:52] Booking successful. Order ID: ORD267573478, Booking ID: 94
[2024-07-28 11:06:35] User ID: 26, Current Balance: 20100.00, Total Pay: 200
[2024-07-28 11:06:35] Booking successful. Order ID: ORD268881994, Booking ID: 95
[2024-07-28 11:07:07] User ID: 26, Current Balance: 19900.00, Total Pay: 800
[2024-07-28 11:07:07] Booking successful. Order ID: ORD268623666, Booking ID: 96
[2024-07-28 11:07:22] User ID: 26, Current Balance: 39100.00, Total Pay: 200
[2024-07-28 11:07:22] Booking successful. Order ID: ORD265742430, Booking ID: 97
[2024-07-28 11:07:38] User ID: 26, Current Balance: 38900.00, Total Pay: 800
[2024-07-28 11:07:38] Booking successful. Order ID: ORD262870140, Booking ID: 98
[2024-07-28 11:07:54] User ID: 26, Current Balance: 38100.00, Total Pay: 200
[2024-07-28 11:07:54] Booking successful. Order ID: ORD263207945, Booking ID: 99
[2024-07-28 11:08:59] User ID: 26, Current Balance: 37900.00, Total Pay: 28800
[2024-07-28 11:08:59] Booking successful. Order ID: ORD26287503, Booking ID: 100
[2024-07-28 11:09:05] User ID: 26, Current Balance: 9100.00, Total Pay: 720000
[2024-07-28 11:09:05] Insufficient balance. User ID: 26, Required: 720000, Available: 9100.00
[2024-07-28 11:12:09] User ID: 26, Current Balance: 9100.00, Total Pay: 744200
[2024-07-28 11:12:09] Insufficient balance. User ID: 26, Required: 744200, Available: 9100.00
[2024-07-28 11:13:33] User ID: 26, Current Balance: 9100.00, Total Pay: 200
[2024-07-28 11:13:33] Booking successful. Order ID: ORD263321465, Booking ID: 103
[2024-07-28 11:16:27] User ID: 26, Current Balance: 8900.00, Total Pay: 33800
[2024-07-28 11:16:27] Insufficient balance. User ID: 26, Required: 33800, Available: 8900.00
[2024-07-28 11:20:30] User ID: 26, Current Balance: 8900.00, Total Pay: 200
[2024-07-28 11:20:30] Booking successful. Order ID: ORD265824798, Booking ID: 105
[2024-07-28 11:20:41] User ID: 26, Current Balance: 8700.00, Total Pay: 204800
[2024-07-28 11:20:41] Insufficient balance. User ID: 26, Required: 204800, Available: 8700.00
[2024-07-28 11:20:58] User ID: 26, Current Balance: 8700.00, Total Pay: 28800
[2024-07-28 11:20:58] Insufficient balance. User ID: 26, Required: 28800, Available: 8700.00
[2024-07-28 11:23:34] User ID: 26, Current Balance: 8700.00, Total Pay: 304200
[2024-07-28 11:23:34] Insufficient balance. User ID: 26, Required: 304200, Available: 8700.00
[2024-07-28 11:29:22] User ID: 26, Current Balance: 8700.00, Total Pay: 200
[2024-07-28 11:29:22] Booking successful. Order ID: ORD267537231, Booking ID: 109
[2024-07-28 11:33:13] User ID: 26, Current Balance: 8500.00, Total Pay: 200
[2024-07-28 11:33:13] Booking successful. Order ID: ORD268134067, Booking ID: 110
[2024-07-28 11:33:18] User ID: 26, Current Balance: 8300.00, Total Pay: 24200
[2024-07-28 11:33:18] Insufficient balance. User ID: 26, Required: 24200, Available: 8300.00
[2024-07-28 11:34:02] User ID: 26, Current Balance: 8300.00, Total Pay: 24200
[2024-07-28 11:34:02] Insufficient balance. User ID: 26, Required: 24200, Available: 8300.00
[2024-07-28 11:34:09] User ID: 26, Current Balance: 8300.00, Total Pay: 320000
[2024-07-28 11:34:09] Insufficient balance. User ID: 26, Required: 320000, Available: 8300.00
[2024-07-28 11:36:32] User ID: 26, Current Balance: 8300.00, Total Pay: 924800
[2024-07-28 11:36:32] Insufficient balance. User ID: 26, Required: 924800, Available: 8300.00
[2024-07-28 11:38:38] User ID: 26, Current Balance: 8300.00, Total Pay: 1844000
[2024-07-28 11:38:38] Insufficient balance. User ID: 26, Required: 1844000, Available: 8300.00
[2024-07-28 11:44:29] User ID: 26, Current Balance: 8300.00, Total Pay: 3329275
[2024-07-28 11:44:29] Insufficient balance. User ID: 26, Required: 3329275, Available: 8300.00
[2024-07-28 11:50:56] User ID: 26, Current Balance: 8300.00, Total Pay: 200
[2024-07-28 11:50:56] Booking successful. Order ID: ORD261579466, Booking ID: 116
[2024-07-28 11:51:27] User ID: 26, Current Balance: 8100.00, Total Pay: 28800
[2024-07-28 11:51:27] Insufficient balance. User ID: 26, Required: 28800, Available: 8100.00
[2024-07-28 11:52:57] User ID: 26, Current Balance: 8100.00, Total Pay: 72200
[2024-07-28 11:52:57] Insufficient balance. User ID: 26, Required: 72200, Available: 8100.00
[2024-07-28 11:56:14] User ID: 26, Current Balance: 8100.00, Total Pay: 200
[2024-07-28 11:56:14] Booking successful. Order ID: ORD263257210, Booking ID: 119
[2024-07-28 11:56:23] User ID: 26, Current Balance: 7900.00, Total Pay: 125000
[2024-07-28 11:56:23] Insufficient balance. User ID: 26, Required: 125000, Available: 7900.00
[2024-07-28 11:56:59] User ID: 26, Current Balance: 7900.00, Total Pay: 18150
[2024-07-28 11:56:59] Insufficient balance. User ID: 26, Required: 18150, Available: 7900.00
[2024-07-28 11:57:07] User ID: 26, Current Balance: 7900.00, Total Pay: 100
[2024-07-28 11:57:07] Booking successful. Order ID: ORD265061590, Booking ID: 122
[2024-07-28 12:04:39] User ID: 26, Current Balance: 7800.00, Total Pay: 400
[2024-07-28 12:04:39] Booking successful. Order ID: ORD266840742, Booking ID: 123
[2024-07-28 12:05:54] User ID: 26, Current Balance: 7400.00, Total Pay: 67600
[2024-07-28 12:05:54] Insufficient balance. User ID: 26, Required: 67600, Available: 7400.00
[2024-07-28 12:07:37] User ID: 26, Current Balance: 7400.00, Total Pay: 2700
[2024-07-28 12:07:37] Booking successful. Order ID: ORD26489817, Booking ID: 125
[2024-07-28 19:20:23] User ID: 26, Current Balance: 4700.00, Total Pay: 150
[2024-07-28 19:20:23] Booking successful. Order ID: ORD262200061, Booking ID: 126
[2024-07-29 10:22:58] User ID: 26, Current Balance: 4550.00, Total Pay: 150
[2024-07-29 10:22:58] Booking successful. Order ID: ORD261907772, Booking ID: 127
[2024-07-29 12:10:08] User ID: 26, Current Balance: 4400.00, Total Pay: 200
[2024-07-29 12:10:08] Booking successful. Order ID: ORD265679264, Booking ID: 128
[2024-07-29 12:14:02] User ID: 26, Current Balance: 4200.00, Total Pay: 800
[2024-07-29 12:14:02] Booking successful. Order ID: ORD261152470, Booking ID: 129
[2024-07-29 12:21:44] User ID: 26, Current Balance: 3400.00, Total Pay: 200
[2024-07-29 12:21:44] Booking successful. Order ID: ORD26840750, Booking ID: 130
[2024-07-29 12:22:57] User ID: 26, Current Balance: 3200.00, Total Pay: 800
[2024-07-29 12:22:57] Booking successful. Order ID: ORD262655984, Booking ID: 131
[2024-07-29 12:28:19] User ID: 26, Current Balance: 2400.00, Total Pay: 200
[2024-07-29 12:28:19] Booking successful. Order ID: ORD268733724, Booking ID: 132
[2024-07-30 08:25:49] User ID: 26, Current Balance: 2200.00, Total Pay: 200
[2024-07-30 08:25:49] Booking successful. Order ID: ORD26694281, Booking ID: 133
[2024-07-30 08:26:09] User ID: 26, Current Balance: 2000.00, Total Pay: 800
[2024-07-30 08:26:09] Booking successful. Order ID: ORD261112097, Booking ID: 134
[2024-07-30 09:19:52] User ID: 26, Current Balance: 1200.00, Total Pay: 200
[2024-07-30 09:19:52] Booking successful. Order ID: ORD261685413, Booking ID: 135
[2024-07-30 09:34:02] User ID: 26, Current Balance: 2000.00, Total Pay: 800
[2024-07-30 09:34:02] Booking successful. Order ID: ORD263918531, Booking ID: 136
[2024-07-30 09:34:28] User ID: 26, Current Balance: 1200.00, Total Pay: 200
[2024-07-30 09:34:28] Booking successful. Order ID: ORD266818837, Booking ID: 137
[2024-07-30 10:38:19] User ID: 26, Current Balance: 1200.00, Total Pay: 12800
[2024-07-30 10:38:19] Insufficient balance. User ID: 26, Required: 12800, Available: 1200.00
[2024-07-30 10:38:28] User ID: 26, Current Balance: 1200.00, Total Pay: 200
[2024-07-30 10:38:28] Booking successful. Order ID: ORD263431792, Booking ID: 139
[2024-07-30 10:44:49] User ID: 26, Current Balance: 1200.00, Total Pay: 7200
[2024-07-30 10:44:49] Insufficient balance. User ID: 26, Required: 7200, Available: 1200.00
[2024-07-30 10:45:00] User ID: 26, Current Balance: 1200.00, Total Pay: 200
[2024-07-30 10:45:00] Booking successful. Order ID: ORD266386359, Booking ID: 141
[2024-07-30 10:48:17] User ID: 26, Current Balance: 1200.00, Total Pay: 200
[2024-07-30 10:48:17] Booking successful. Order ID: ORD26868146, Booking ID: 142
[2024-07-31 07:17:55] User ID: 26, Current Balance: 1000.00, Total Pay: 900
[2024-07-31 07:17:55] Booking successful. Order ID: ORD269807649, Booking ID: 143
[2024-07-31 07:18:10] User ID: 26, Current Balance: 100.00, Total Pay: 136900
[2024-07-31 07:18:10] Insufficient balance. User ID: 26, Required: 136900, Available: 100.00
[2024-07-31 07:48:03] User ID: 26, Current Balance: 100.00, Total Pay: 20000
[2024-07-31 07:48:03] Insufficient balance. User ID: 26, Required: 20000, Available: 100.00
[2024-07-31 07:58:25] User ID: 26, Current Balance: 2100.00, Total Pay: 200
[2024-07-31 07:58:25] Booking successful. Order ID: ORD264257135, Booking ID: 146
[2024-07-31 09:55:54] User ID: 26, Current Balance: 1900.00, Total Pay: 200
[2024-07-31 09:55:54] Booking successful. Order ID: ORD26613907, Booking ID: 147
[2024-07-31 10:40:08] User ID: 26, Current Balance: 3000.00, Total Pay: 200
[2024-07-31 10:40:08] Booking successful. Order ID: ORD264682832, Booking ID: 148
[2024-07-31 10:43:00] User ID: 26, Current Balance: 3000.00, Total Pay: 200
[2024-07-31 10:43:00] Booking successful. Order ID: ORD267362433, Booking ID: 149
[2024-07-31 10:46:21] User ID: 26, Current Balance: 3000.00, Total Pay: 200
[2024-07-31 10:46:21] Booking successful. Order ID: ORD261328719, Booking ID: 150
[2024-07-31 11:58:46] User ID: 26, Current Balance: 3000.00, Total Pay: 200
[2024-07-31 11:58:46] Booking successful. Order ID: ORD265137781, Booking ID: 151
[2024-08-02 10:45:09] User ID: 26, Current Balance: 3000.00, Total Pay: 200
[2024-08-02 10:45:09] Booking successful. Order ID: ORD265938744, Booking ID: 152
[2024-08-02 10:46:00] User ID: 26, Current Balance: 2800.00, Total Pay: 150
[2024-08-02 10:46:00] Booking successful. Order ID: ORD263551417, Booking ID: 153
[2024-08-02 10:47:16] User ID: 26, Current Balance: 2650.00, Total Pay: 200
[2024-08-02 10:47:16] Booking successful. Order ID: ORD261938033, Booking ID: 154
[2024-08-02 10:51:10] User ID: 26, Current Balance: 2450.00, Total Pay: 200
[2024-08-02 10:51:10] Booking successful. Order ID: ORD267409503, Booking ID: 155
[2024-08-03 07:57:14] User ID: 26, Current Balance: 2250.00, Total Pay: 200
[2024-08-03 07:57:14] Booking successful. Order ID: ORD263203167, Booking ID: 156
[2024-08-03 08:24:41] User ID: 26, Current Balance: 2450.00, Total Pay: 200
[2024-08-03 08:24:41] Booking successful. Order ID: ORD263332283, Booking ID: 157
[2024-08-03 08:26:09] User ID: 26, Current Balance: 2250.00, Total Pay: 9800
[2024-08-03 08:26:09] Insufficient balance. User ID: 26, Required: 9800, Available: 2250.00
[2024-08-03 08:26:19] User ID: 26, Current Balance: 2250.00, Total Pay: 200
[2024-08-03 08:26:19] Booking successful. Order ID: ORD269329792, Booking ID: 159
[2024-08-03 08:37:37] User ID: 26, Current Balance: 2050.00, Total Pay: 800
[2024-08-03 08:37:37] Booking successful. Order ID: ORD266836166, Booking ID: 160
[2024-08-05 08:11:46] User ID: 29, Current Balance: 20000.00, Total Pay: 200
[2024-08-05 08:11:46] Booking successful. Order ID: ORD29845058, Booking ID: 161
[2024-08-05 08:38:17] User ID: 29, Current Balance: 19800.00, Total Pay: 200
[2024-08-05 08:38:17] Booking successful. Order ID: ORD293935318, Booking ID: 162
[2024-08-05 08:39:36] User ID: 29, Current Balance: 19800.00, Total Pay: 150
[2024-08-05 08:39:36] Booking successful. Order ID: ORD297910337, Booking ID: 163
[2024-08-05 08:45:13] User ID: 29, Current Balance: 19650.00, Total Pay: 200
[2024-08-05 08:45:13] Booking successful. Order ID: ORD292504920, Booking ID: 164
[2024-08-05 08:45:29] User ID: 29, Current Balance: 19450.00, Total Pay: 200
[2024-08-05 08:45:29] Booking successful. Order ID: ORD295630834, Booking ID: 165
[2024-08-05 10:37:05] User ID: 29, Current Balance: 19250.00, Total Pay: 200
[2024-08-05 10:37:05] Booking successful. Order ID: ORD294597372, Booking ID: 166
[2024-08-05 11:12:22] User ID: 29, Current Balance: 19050.00, Total Pay: 200
[2024-08-05 11:12:22] Booking successful. Order ID: ORD295852541, Booking ID: 167
[2024-08-05 11:13:01] User ID: 26, Current Balance: 1250.00, Total Pay: 100
[2024-08-05 11:13:01] Booking successful. Order ID: ORD262535699, Booking ID: 168
[2024-08-05 11:19:34] User ID: 26, Current Balance: 1250.00, Total Pay: 200
[2024-08-05 11:19:34] Booking successful. Order ID: ORD2639355, Booking ID: 169
[2024-08-05 11:19:41] User ID: 26, Current Balance: 1050.00, Total Pay: 33750
[2024-08-05 11:19:41] Insufficient balance. User ID: 26, Required: 33750, Available: 1050.00
[2024-08-05 11:19:48] User ID: 26, Current Balance: 1050.00, Total Pay: 1350
[2024-08-05 11:19:48] Insufficient balance. User ID: 26, Required: 1350, Available: 1050.00
[2024-08-05 11:20:10] User ID: 26, Current Balance: 21050.00, Total Pay: 600
[2024-08-05 11:20:10] Booking successful. Order ID: ORD268400335, Booking ID: 172
[2024-08-05 11:20:20] User ID: 26, Current Balance: 20450.00, Total Pay: 900
[2024-08-05 11:20:20] Booking successful. Order ID: ORD262126125, Booking ID: 173
[2024-08-05 11:20:30] User ID: 26, Current Balance: 19550.00, Total Pay: 10000
[2024-08-05 11:20:30] Booking successful. Order ID: ORD261233423, Booking ID: 174
[2024-08-05 11:25:30] User ID: 26, Current Balance: 20150.00, Total Pay: 200
[2024-08-05 11:25:30] Booking successful. Order ID: ORD268090808, Booking ID: 175
[2024-08-05 11:29:12] User ID: 26, Current Balance: 19950.00, Total Pay: 100
[2024-08-05 11:29:12] Booking successful. Order ID: ORD261500093, Booking ID: 176
[2024-08-05 11:30:41] User ID: 26, Current Balance: 19850.00, Total Pay: 100
[2024-08-05 11:30:41] Booking successful. Order ID: ORD26666404, Booking ID: 177
[2024-08-05 11:58:48] User ID: 26, Current Balance: 19850.00, Total Pay: 200
[2024-08-05 11:58:48] Booking successful. Order ID: ORD267958760, Booking ID: 178
[2024-08-05 11:58:55] User ID: 26, Current Balance: 19650.00, Total Pay: 9600
[2024-08-05 11:58:55] Booking successful. Order ID: ORD265637016, Booking ID: 179
[2024-08-05 11:59:02] User ID: 26, Current Balance: 10050.00, Total Pay: 100
[2024-08-05 11:59:02] Booking successful. Order ID: ORD261272078, Booking ID: 180
[2024-08-05 16:45:20] User ID: 29, Current Balance: 19050.00, Total Pay: 200
[2024-08-05 16:45:20] Booking successful. Order ID: ORD299177096, Booking ID: 181
[2024-08-05 16:45:32] User ID: 29, Current Balance: 18850.00, Total Pay: 400
[2024-08-05 16:45:32] Booking successful. Order ID: ORD29840139, Booking ID: 182
[2024-08-05 17:12:24] User ID: 26, Current Balance: 9950.00, Total Pay: 200
[2024-08-05 17:12:24] Booking successful. Order ID: ORD267057086, Booking ID: 183
[2024-08-05 19:00:09] User ID: 26, Current Balance: 9750.00, Total Pay: 100
[2024-08-05 19:00:09] Booking successful. Order ID: ORD263669614, Booking ID: 184
[2024-08-05 19:00:26] User ID: 26, Current Balance: 9650.00, Total Pay: 44100
[2024-08-05 19:00:26] Insufficient balance. User ID: 26, Required: 44100, Available: 9650.00
[2024-08-05 19:04:48] User ID: 26, Current Balance: 29650.00, Total Pay: 100
[2024-08-05 19:04:48] Booking successful. Order ID: ORD268390793, Booking ID: 186
[2024-08-06 09:33:23] User ID: 26, Current Balance: 29850.00, Total Pay: 200
[2024-08-06 09:33:23] Booking successful. Order ID: ORD265317570, Booking ID: 187
[2024-08-06 09:33:54] User ID: 26, Current Balance: 29650.00, Total Pay: 200
[2024-08-06 09:33:55] Booking successful. Order ID: ORD268910253, Booking ID: 188
[2024-08-09 10:50:19] User ID: 26, Current Balance: 29650.00, Total Pay: 200
[2024-08-09 10:50:19] Booking successful. Order ID: ORD266511212, Booking ID: 189
[2024-08-09 10:50:29] User ID: 26, Current Balance: 29450.00, Total Pay: 150
[2024-08-09 10:50:29] Booking successful. Order ID: ORD263864099, Booking ID: 190
[2024-08-09 10:50:37] User ID: 26, Current Balance: 29300.00, Total Pay: 200
[2024-08-09 10:50:37] Booking successful. Order ID: ORD268802892, Booking ID: 191
[2024-08-09 10:50:44] User ID: 26, Current Balance: 29100.00, Total Pay: 100
[2024-08-09 10:50:44] Booking successful. Order ID: ORD26690942, Booking ID: 192
[2024-08-11 13:28:28] User ID: 26, Current Balance: 29000.00, Total Pay: 4900
[2024-08-11 13:28:28] Booking successful. Order ID: ORD261733231, Booking ID: 193
[2024-08-11 17:58:34] User ID: 26, Current Balance: 29100.00, Total Pay: 300
[2024-08-11 17:58:34] Booking successful. Order ID: ORD264120197, Booking ID: 194
[2024-08-12 10:56:10] User ID: 33, Current Balance: 2000.00, Total Pay: 100
[2024-08-12 10:56:10] Booking successful. Order ID: ORD338479265, Booking ID: 195
[2024-08-12 11:03:51] User ID: 33, Current Balance: 2000.00, Total Pay: 1800
[2024-08-12 11:03:51] Booking successful. Order ID: ORD338901920, Booking ID: 196
[2024-08-12 11:13:34] User ID: 33, Current Balance: 2000.00, Total Pay: 135200
[2024-08-12 11:13:34] Insufficient balance. User ID: 33, Required: 135200, Available: 2000.00
[2024-08-12 11:13:45] User ID: 33, Current Balance: 2000.00, Total Pay: 200
[2024-08-12 11:13:45] Booking successful. Order ID: ORD339011827, Booking ID: 198
[2024-08-12 11:16:48] User ID: 33, Current Balance: 1800.00, Total Pay: 200
[2024-08-12 11:16:48] Booking successful. Order ID: ORD338944810, Booking ID: 199
[2024-08-12 11:24:27] User ID: 33, Current Balance: 1600.00, Total Pay: 300
[2024-08-12 11:24:27] Booking successful. Order ID: ORD33773024, Booking ID: 200
[2024-08-12 11:38:50] User ID: 33, Current Balance: 1300.00, Total Pay: 200
[2024-08-12 11:38:50] Booking successful. Order ID: ORD333372181, Booking ID: 201
[2024-08-12 11:44:00] User ID: 34, Current Balance: 0.00, Total Pay: 1200
[2024-08-12 11:44:00] Insufficient balance. User ID: 34, Required: 1200, Available: 0.00
[2024-08-12 11:44:31] User ID: 34, Current Balance: 5000.00, Total Pay: 600
[2024-08-12 11:44:31] Booking successful. Order ID: ORD341271446, Booking ID: 203
[2024-08-12 11:47:22] User ID: 34, Current Balance: 5000.00, Total Pay: 23
[2024-08-12 11:47:22] Booking successful. Order ID: ORD341255670, Booking ID: 204
[2024-08-12 11:49:29] User ID: 34, Current Balance: 4977.00, Total Pay: 200
[2024-08-12 11:49:30] Booking successful. Order ID: ORD344422174, Booking ID: 205
[2024-08-13 13:57:33] User ID: 26, Current Balance: 29100.00, Total Pay: 200
[2024-08-13 13:57:33] Booking successful. Order ID: ORD268286423, Booking ID: 206
[2024-08-13 13:57:41] User ID: 26, Current Balance: 28900.00, Total Pay: -5000
[2024-08-13 13:57:41] Booking successful. Order ID: ORD261004894, Booking ID: 207
[2024-08-13 17:20:39] User ID: 26, Current Balance: 33900.00, Total Pay: 0
[2024-08-13 17:20:39] Error during booking process: Failed to update balance
[2024-08-13 17:21:10] User ID: 26, Current Balance: 33900.00, Total Pay: 200
[2024-08-13 17:21:10] Booking successful. Order ID: ORD26983591, Booking ID: 208
[2024-08-13 17:21:28] User ID: 26, Current Balance: 33700.00, Total Pay: 200
[2024-08-13 17:21:28] Booking successful. Order ID: ORD262065674, Booking ID: 209
[2024-08-13 17:22:35] User ID: 26, Current Balance: 33500.00, Total Pay: -400
[2024-08-13 17:22:35] Booking successful. Order ID: ORD268317878, Booking ID: 210
[2024-08-13 17:23:04] User ID: 26, Current Balance: 33900.00, Total Pay: 200
[2024-08-13 17:23:04] Booking successful. Order ID: ORD267333548, Booking ID: 211
[2024-08-13 17:28:33] User ID: 26, Current Balance: 33700.00, Total Pay: 200
[2024-08-13 17:28:33] Booking successful. Order ID: ORD269811130, Booking ID: 212
[2024-08-13 17:40:32] User ID: 26, Current Balance: 33500.00, Total Pay: 200
[2024-08-13 17:40:32] Booking successful. Order ID: ORD266624440, Booking ID: 213
[2024-08-13 17:40:47] User ID: 26, Current Balance: 33300.00, Total Pay: 200
[2024-08-13 17:40:47] Booking successful. Order ID: ORD268881179, Booking ID: 214
[2024-08-13 17:49:51] User ID: 26, Current Balance: 33100.00, Total Pay: 200
[2024-08-13 17:49:51] Booking successful. Order ID: ORD268562020, Booking ID: 215
[2024-08-13 17:51:54] User ID: 38, Current Balance: 0.00, Total Pay: 200
[2024-08-13 17:51:54] Insufficient balance. User ID: 38, Required: 200, Available: 0.00
[2024-08-13 17:52:27] User ID: 38, Current Balance: 2000.00, Total Pay: 200
[2024-08-13 17:52:27] Booking successful. Order ID: ORD386795880, Booking ID: 217
[2024-08-13 17:56:49] User ID: 38, Current Balance: 1800.00, Total Pay: 300
[2024-08-13 17:56:49] Booking successful. Order ID: ORD38658262, Booking ID: 218
[2024-08-13 17:57:03] User ID: 38, Current Balance: 1500.00, Total Pay: 24300
[2024-08-13 17:57:03] Insufficient balance. User ID: 38, Required: 24300, Available: 1500.00
[2024-08-13 19:42:41] User ID: 26, Current Balance: 32900.00, Total Pay: 150
[2024-08-13 19:42:41] Booking successful. Order ID: ORD26473864, Booking ID: 220
[2024-08-13 19:42:58] User ID: 26, Current Balance: 32750.00, Total Pay: 150
[2024-08-13 19:42:58] Booking successful. Order ID: ORD265435786, Booking ID: 221
[2024-08-13 19:43:09] User ID: 26, Current Balance: 32600.00, Total Pay: 100
[2024-08-13 19:43:09] Booking successful. Order ID: ORD264673279, Booking ID: 222
[2024-08-13 19:48:50] User ID: 41, Current Balance: 0.00, Total Pay: 150
[2024-08-13 19:48:50] Insufficient balance. User ID: 41, Required: 150, Available: 0.00
[2024-08-13 19:49:11] User ID: 41, Current Balance: 2000.00, Total Pay: 150
[2024-08-13 19:49:11] Booking successful. Order ID: ORD412533410, Booking ID: 224
[2024-08-13 19:50:55] User ID: 42, Current Balance: 0.00, Total Pay: 150
[2024-08-13 19:50:55] Insufficient balance. User ID: 42, Required: 150, Available: 0.00
[2024-08-13 19:51:12] User ID: 42, Current Balance: 2000.00, Total Pay: 600
[2024-08-13 19:51:12] Booking successful. Order ID: ORD425854041, Booking ID: 226
[2024-08-13 19:53:28] User ID: 42, Current Balance: 1400.00, Total Pay: 200
[2024-08-13 19:53:28] Booking successful. Order ID: ORD427867617, Booking ID: 227
[2024-08-13 19:54:13] User ID: 42, Current Balance: 1200.00, Total Pay: 6400
[2024-08-13 19:54:13] Insufficient balance. User ID: 42, Required: 6400, Available: 1200.00
[2024-08-13 19:54:22] User ID: 42, Current Balance: 1200.00, Total Pay: 100
[2024-08-13 19:54:22] Booking successful. Order ID: ORD424182873, Booking ID: 229
[2024-08-13 20:25:13] User ID: 26, Current Balance: 32500.00, Total Pay: 100
[2024-08-13 20:25:13] Booking successful. Order ID: ORD266536561, Booking ID: 230
[2024-08-13 22:20:43] User ID: 26, Current Balance: 38400.00, Total Pay: 200
[2024-08-13 22:20:43] Booking successful. Order ID: ORD263574360, Booking ID: 231
[2024-08-14 00:18:07] User ID: 26, Current Balance: 40400.00, Total Pay: 200
[2024-08-14 00:18:07] Booking successful. Order ID: ORD269009337, Booking ID: 232
[2024-08-14 10:38:27] User ID: 26, Current Balance: 42400.00, Total Pay: 200
[2024-08-14 10:38:27] Booking successful. Order ID: ORD269799806, Booking ID: 233
[2024-08-14 10:39:53] User ID: 26, Current Balance: 42400.00, Total Pay: 200
[2024-08-14 10:39:53] Booking successful. Order ID: ORD267198327, Booking ID: 234
[2024-08-14 11:05:34] User ID: 26, Current Balance: 44200.00, Total Pay: 200
[2024-08-14 11:05:34] Booking successful. Order ID: ORD265960130, Booking ID: 235
[2024-08-14 12:06:38] User ID: 26, Current Balance: 44000.00, Total Pay: 400
[2024-08-14 12:06:38] Booking successful. Order ID: ORD261270447, Booking ID: 236
